<?xml version="1.0" encoding="UTF-8"?>
<testsuite name="com.rucz.peopledb.repository.PeopleRepositoryTests" tests="7" skipped="0" failures="0" errors="0" timestamp="2023-03-22T18:01:38" hostname="DESKTOP-NUHNBO6" time="0.505">
  <properties/>
  <testcase name="testPersonIdNotFound()" classname="com.rucz.peopledb.repository.PeopleRepositoryTests" time="0.326"/>
  <testcase name="canDelete()" classname="com.rucz.peopledb.repository.PeopleRepositoryTests" time="0.061"/>
  <testcase name="canSaveTwoPeople()" classname="com.rucz.peopledb.repository.PeopleRepositoryTests" time="0.024"/>
  <testcase name="canUpdate()" classname="com.rucz.peopledb.repository.PeopleRepositoryTests" time="0.026"/>
  <testcase name="canGetCount()" classname="com.rucz.peopledb.repository.PeopleRepositoryTests" time="0.019"/>
  <testcase name="canSaveOnePerson()" classname="com.rucz.peopledb.repository.PeopleRepositoryTests" time="0.02"/>
  <testcase name="canFindAll()" classname="com.rucz.peopledb.repository.PeopleRepositoryTests" time="0.024"/>
  <system-out><![CDATA[Person{id=74, firstName='John1', lastName='Smith', dob=1980-11-15T15:15-06:00}
Records affected: 1
1
Person{id=75, firstName='John', lastName='Smith', dob=1980-11-15T15:15-06:00}
Records affected: 1
Person{id=76, firstName='Bobby', lastName='Smith', dob=1982-09-13T13:13-08:00}
Records affected: 1
Person{id=77, firstName='John1', lastName='Smith', dob=1980-11-15T15:15-06:00}
Records affected: 1
Person{id=78, firstName='John1', lastName='Smith', dob=1980-11-15T15:15-06:00}
Records affected: 1
Person{id=79, firstName='John', lastName='Smith', dob=1980-11-15T15:15-06:00}
Records affected: 1
Person{id=80, firstName='John', lastName='Smith', dob=1980-11-15T15:15-06:00}
Records affected: 1
Person{id=81, firstName='John', lastName='Smith', dob=1980-11-15T15:15-06:00}
Records affected: 1
Person{id=82, firstName='John1', lastName='Smith', dob=1980-11-15T15:15-06:00}
Records affected: 1
Person{id=83, firstName='John2', lastName='Smith', dob=1980-11-15T15:15-06:00}
Records affected: 1
Person{id=84, firstName='John3', lastName='Smith', dob=1980-11-15T15:15-06:00}
Records affected: 1
Person{id=85, firstName='John4', lastName='Smith', dob=1980-11-15T15:15-06:00}
Records affected: 1
Person{id=86, firstName='John5', lastName='Smith', dob=1980-11-15T15:15-06:00}
Records affected: 1
Person{id=87, firstName='John6', lastName='Smith', dob=1980-11-15T15:15-06:00}
Records affected: 1
Person{id=88, firstName='John7', lastName='Smith', dob=1980-11-15T15:15-06:00}
Records affected: 1
Person{id=89, firstName='John8', lastName='Smith', dob=1980-11-15T15:15-06:00}
Records affected: 1
]]></system-out>
  <system-err><![CDATA[]]></system-err>
</testsuite>
